2025/07/21 14:27:50 Database connected successfully
[GIN-debug] [WARNING] Creating an Engine instance with the Logger and Recovery middleware already attached.

[GIN-debug] [WARNING] Running in "debug" mode. Switch to "release" mode in production.
 - using env:	export GIN_MODE=release
 - using code:	gin.SetMode(gin.ReleaseMode)

[GIN-debug] GET    /openapi.yaml             --> main.main.func1 (4 handlers)
[GIN-debug] GET    /openapi.json             --> main.main.func2 (4 handlers)
[GIN-debug] GET    /docs                     --> main.main.func3 (4 handlers)
[GIN-debug] POST   /api/v1/offers            --> portaldata-api/internal/api.(*OfferHandlers).CreateOffer-fm (5 handlers)
[GIN-debug] PUT    /api/v1/offers/:id        --> portaldata-api/internal/api.(*OfferHandlers).UpdateOffer-fm (5 handlers)
[GIN-debug] DELETE /api/v1/offers/:id        --> portaldata-api/internal/api.(*OfferHandlers).DeleteOffer-fm (5 handlers)
[GIN-debug] GET    /api/v1/offers            --> portaldata-api/internal/api.(*OfferHandlers).ListOffers-fm (5 handlers)
[GIN-debug] GET    /api/v1/offers/:id        --> portaldata-api/internal/api.(*OfferHandlers).GetOffer-fm (5 handlers)
[GIN-debug] GET    /api/v1/offers/public     --> portaldata-api/internal/api.(*OfferHandlers).PublicListOffers-fm (5 handlers)
[GIN-debug] GET    /api/v1/offers/wb_stock   --> portaldata-api/internal/api.(*OfferHandlers).WBStock-fm (5 handlers)
[GIN-debug] GET    /api/v1/orders/:id        --> portaldata-api/internal/api.(*OrderHandlers).GetOrder-fm (5 handlers)
[GIN-debug] GET    /api/v1/orders            --> portaldata-api/internal/api.(*OrderHandlers).ListOrders-fm (5 handlers)
[GIN-debug] POST   /api/v1/orders            --> portaldata-api/internal/api.(*OrderHandlers).CreateOrder-fm (5 handlers)
[GIN-debug] POST   /api/v1/warehouses        --> portaldata-api/internal/api.(*WarehouseHandlers).CreateWarehouse-fm (5 handlers)
[GIN-debug] PUT    /api/v1/warehouses/:id    --> portaldata-api/internal/api.(*WarehouseHandlers).UpdateWarehouse-fm (5 handlers)
[GIN-debug] DELETE /api/v1/warehouses/:id    --> portaldata-api/internal/api.(*WarehouseHandlers).DeleteWarehouse-fm (5 handlers)
[GIN-debug] GET    /api/v1/warehouses        --> portaldata-api/internal/api.(*WarehouseHandlers).ListWarehouses-fm (5 handlers)
[GIN-debug] POST   /api/v1/metaproduct       --> portaldata-api/internal/api.(*MetaproductHandlers).CreateMetaproduct-fm (5 handlers)
[GIN-debug] POST   /api/v1/metaproduct/batch --> portaldata-api/internal/api.(*MetaproductHandlers).CreateMetaproducts-fm (5 handlers)
[GIN-debug] GET    /api/v1/metaproduct       --> portaldata-api/internal/api.(*MetaproductHandlers).ListMetaproducts-fm (5 handlers)
[GIN-debug] GET    /api/v1/metaproduct/:id   --> portaldata-api/internal/api.(*MetaproductHandlers).GetMetaproduct-fm (5 handlers)
[GIN-debug] PUT    /api/v1/metaproduct/:id   --> portaldata-api/internal/api.(*MetaproductHandlers).UpdateMetaproduct-fm (5 handlers)
[GIN-debug] DELETE /api/v1/metaproduct/:id   --> portaldata-api/internal/api.(*MetaproductHandlers).DeleteMetaproduct-fm (5 handlers)
[GIN-debug] GET    /swagger/*filepath        --> github.com/gin-gonic/gin.(*RouterGroup).createStaticHandler.func1 (4 handlers)
[GIN-debug] HEAD   /swagger/*filepath        --> github.com/gin-gonic/gin.(*RouterGroup).createStaticHandler.func1 (4 handlers)
2025/07/21 14:27:50 Starting server on port 8095
[GIN-debug] [WARNING] You trusted all proxies, this is NOT safe. We recommend you to set a value.
Please check https://pkg.go.dev/github.com/gin-gonic/gin#readme-don-t-trust-all-proxies for details.
[GIN-debug] Listening and serving HTTP on :8095
[GIN] 2025/07/21 - 14:27:59 | 200 |    2.034608ms |     92.53.64.38 | GET      "/api/v1/orders/3?api_key=f428fbc16a97b9e2a55717bd34e97537ec34cb8c04a5f32eeb4e88c9ee998a53"
2025/07/21 16:11:15 No .env file found, using environment variables
2025/07/21 16:11:15 Database connected successfully
2025/07/21 16:13:03 Сервер останавливается...
2025/07/21 16:13:18 No .env file found, using environment variables
2025/07/21 16:13:18 Database connected successfully
[GIN-debug] [WARNING] Creating an Engine instance with the Logger and Recovery middleware already attached.

[GIN-debug] [WARNING] Running in "debug" mode. Switch to "release" mode in production.
 - using env:	export GIN_MODE=release
 - using code:	gin.SetMode(gin.ReleaseMode)

[GIN-debug] GET    /swagger/*any             --> github.com/swaggo/gin-swagger.CustomWrapHandler.func1 (4 handlers)
[GIN-debug] POST   /api/v1/metaproducts      --> portaldata-api/internal/modules/metaproduct.(*Handlers).CreateMetaproduct-fm (5 handlers)
[GIN-debug] GET    /api/v1/metaproducts      --> portaldata-api/internal/modules/metaproduct.(*Handlers).ListMetaproducts-fm (5 handlers)
[GIN-debug] GET    /api/v1/metaproducts/:id  --> portaldata-api/internal/modules/metaproduct.(*Handlers).GetMetaproduct-fm (5 handlers)
[GIN-debug] PUT    /api/v1/metaproducts/:id  --> portaldata-api/internal/modules/metaproduct.(*Handlers).UpdateMetaproduct-fm (5 handlers)
[GIN-debug] DELETE /api/v1/metaproducts/:id  --> portaldata-api/internal/modules/metaproduct.(*Handlers).DeleteMetaproduct-fm (5 handlers)
[GIN-debug] POST   /api/v1/metaproducts/batch --> portaldata-api/internal/modules/metaproduct.(*Handlers).CreateMetaproducts-fm (5 handlers)
[GIN-debug] POST   /api/v1/offers            --> portaldata-api/internal/modules/offer.(*Handlers).CreateOffer-fm (5 handlers)
[GIN-debug] PUT    /api/v1/offers/:id        --> portaldata-api/internal/modules/offer.(*Handlers).UpdateOffer-fm (5 handlers)
[GIN-debug] DELETE /api/v1/offers/:id        --> portaldata-api/internal/modules/offer.(*Handlers).DeleteOffer-fm (5 handlers)
[GIN-debug] GET    /api/v1/offers            --> portaldata-api/internal/modules/offer.(*Handlers).ListOffers-fm (5 handlers)
[GIN-debug] GET    /api/v1/offers/:id        --> portaldata-api/internal/modules/offer.(*Handlers).GetOffer-fm (5 handlers)
[GIN-debug] GET    /api/v1/offers/wb_stock   --> portaldata-api/internal/modules/offer.(*Handlers).WBStock-fm (5 handlers)
[GIN-debug] GET    /api/v1/orders/:id        --> portaldata-api/internal/modules/order.(*Handlers).GetOrder-fm (5 handlers)
[GIN-debug] GET    /api/v1/orders            --> portaldata-api/internal/modules/order.(*Handlers).ListOrders-fm (5 handlers)
[GIN-debug] POST   /api/v1/orders            --> portaldata-api/internal/modules/order.(*Handlers).CreateOrder-fm (5 handlers)
[GIN-debug] POST   /api/v1/warehouses        --> portaldata-api/internal/modules/warehouse.(*Handlers).CreateWarehouse-fm (5 handlers)
[GIN-debug] PUT    /api/v1/warehouses/:id    --> portaldata-api/internal/modules/warehouse.(*Handlers).UpdateWarehouse-fm (5 handlers)
[GIN-debug] DELETE /api/v1/warehouses/:id    --> portaldata-api/internal/modules/warehouse.(*Handlers).DeleteWarehouse-fm (5 handlers)
[GIN-debug] GET    /api/v1/warehouses        --> portaldata-api/internal/modules/warehouse.(*Handlers).ListWarehouses-fm (5 handlers)
[GIN-debug] GET    /api/v1/offers/public     --> portaldata-api/internal/modules/offer.(*Handlers).PublicListOffers-fm (4 handlers)
2025/07/21 16:15:16 Сервер останавливается...
2025/07/21 16:15:26 No .env file found, using environment variables
2025/07/21 16:15:26 Database connected successfully
[GIN-debug] [WARNING] Creating an Engine instance with the Logger and Recovery middleware already attached.

[GIN-debug] [WARNING] Running in "debug" mode. Switch to "release" mode in production.
 - using env:	export GIN_MODE=release
 - using code:	gin.SetMode(gin.ReleaseMode)

[GIN-debug] GET    /swagger/*any             --> github.com/swaggo/gin-swagger.CustomWrapHandler.func1 (4 handlers)
[GIN-debug] POST   /api/v1/metaproducts      --> portaldata-api/internal/modules/metaproduct.(*Handlers).CreateMetaproduct-fm (5 handlers)
[GIN-debug] GET    /api/v1/metaproducts      --> portaldata-api/internal/modules/metaproduct.(*Handlers).ListMetaproducts-fm (5 handlers)
[GIN-debug] GET    /api/v1/metaproducts/:id  --> portaldata-api/internal/modules/metaproduct.(*Handlers).GetMetaproduct-fm (5 handlers)
[GIN-debug] PUT    /api/v1/metaproducts/:id  --> portaldata-api/internal/modules/metaproduct.(*Handlers).UpdateMetaproduct-fm (5 handlers)
[GIN-debug] DELETE /api/v1/metaproducts/:id  --> portaldata-api/internal/modules/metaproduct.(*Handlers).DeleteMetaproduct-fm (5 handlers)
[GIN-debug] POST   /api/v1/metaproducts/batch --> portaldata-api/internal/modules/metaproduct.(*Handlers).CreateMetaproducts-fm (5 handlers)
[GIN-debug] POST   /api/v1/offers            --> portaldata-api/internal/modules/offer.(*Handlers).CreateOffer-fm (5 handlers)
[GIN-debug] PUT    /api/v1/offers/:id        --> portaldata-api/internal/modules/offer.(*Handlers).UpdateOffer-fm (5 handlers)
[GIN-debug] DELETE /api/v1/offers/:id        --> portaldata-api/internal/modules/offer.(*Handlers).DeleteOffer-fm (5 handlers)
[GIN-debug] GET    /api/v1/offers            --> portaldata-api/internal/modules/offer.(*Handlers).ListOffers-fm (5 handlers)
[GIN-debug] GET    /api/v1/offers/:id        --> portaldata-api/internal/modules/offer.(*Handlers).GetOffer-fm (5 handlers)
[GIN-debug] GET    /api/v1/offers/wb_stock   --> portaldata-api/internal/modules/offer.(*Handlers).WBStock-fm (5 handlers)
[GIN-debug] GET    /api/v1/orders/:id        --> portaldata-api/internal/modules/order.(*Handlers).GetOrder-fm (5 handlers)
[GIN-debug] GET    /api/v1/orders            --> portaldata-api/internal/modules/order.(*Handlers).ListOrders-fm (5 handlers)
[GIN-debug] POST   /api/v1/orders            --> portaldata-api/internal/modules/order.(*Handlers).CreateOrder-fm (5 handlers)
[GIN-debug] POST   /api/v1/warehouses        --> portaldata-api/internal/modules/warehouse.(*Handlers).CreateWarehouse-fm (5 handlers)
[GIN-debug] PUT    /api/v1/warehouses/:id    --> portaldata-api/internal/modules/warehouse.(*Handlers).UpdateWarehouse-fm (5 handlers)
[GIN-debug] DELETE /api/v1/warehouses/:id    --> portaldata-api/internal/modules/warehouse.(*Handlers).DeleteWarehouse-fm (5 handlers)
[GIN-debug] GET    /api/v1/warehouses        --> portaldata-api/internal/modules/warehouse.(*Handlers).ListWarehouses-fm (5 handlers)
[GIN-debug] GET    /api/v1/offers/public     --> portaldata-api/internal/modules/offer.(*Handlers).PublicListOffers-fm (4 handlers)
2025/07/21 16:16:56 Сервер останавливается...
