
        
   ┌────────────────────── DEPRECATED ──────────────────────┐
   │                                                        │
   │   This package is deprecated.                          │
   │                                                        │
   │   Use `npx @redocly/cli preview-docs <api>` instead.   │
   │                                                        │
   └────────────────────────────────────────────────────────┘


Server started: http://0.0.0.0:8090
GET /: 1.791ms
GET /: 0.303ms
GET /: 0.622ms
GET /: 0.913ms
GET /redoc.standalone.js: 0.786ms
GET /spec.json: 1.007ms
GET /redoc-documentation.html: 0.355ms
GET /redoc-documentation.html: 0.886ms
GET /redoc-documentation.html: 0.3ms
GET /redoc-documentation.html: 0.306ms
GET /redoc-documentation.html: 0.215ms
GET /redoc-documentation.html: 0.568ms
GET /redoc-documentation.html: 0.273ms
GET /redoc-documentation.html: 1.137ms
GET /redoc-documentation.html: 0.434ms
GET /redoc-documentation.html: 0.195ms
GET /redoc-documentation.html: 0.173ms
GET /redoc-documentation.html: 0.346ms
GET /redoc-documentation.html: 0.155ms
